

--- 2026-04-22T00:31:31.845Z ---
# YouTube構成案

---

## [TOPIC] 概要

**マンチェスター・シティ vs アーセナル — 時代を超えた頂上決戦の深層**

プレミアリーグ史に刻まれる「現代の覇者」シティと「伝統の雄」アーセナルの激突を、ガーディアン紙の風刺漫画家デイヴィッド・スクワイアーズの独特な視点とユーモアを軸に解説。戦術・因縁・キャラクター描写を通じて、この一戦が持つ意味を多角的に掘り下げる。

---

## [ANGLE] 見どころ

- スクワイアーズの漫画が切り取る「両クラブの本質」
- ペップ・グアルディオラ vs ミケル・アルテタ：師弟対決の哲学的矛盾
- シティの"マネー帝国"とアーセナルの"若き野望"という対比構造
- 風刺を通じて見える現代フットボールの滑稽さと残酷さ
- ファン心理・メディア論・クラブ文化まで射程に入れた"笑えるのに刺さる"コンテンツ

---

## [MOD] スライド構成

---

**MOD-01 | フック型 | 冒頭0〜30秒で心を掴む**

> 「これはただのサッカーの試合じゃない。哲学の衝突だ」

- 両クラブのハイライト映像イメージ（静止画コラージュ可）
- スクワイアーズの漫画の"最も刺さるコマ"を1枚だけ先出し
- ナレーション：「師匠と弟子が本気でぶつかったとき、何が起きるのか」

---

**MOD-02 | 人物紹介型 | デイヴィッド・スクワイアーズとは何者か**

- ガーディアン専属風刺漫画家としての立ち位置
- なぜ彼の漫画はフットボールファンに刺さるのか
- 「笑い」と「批評」を同時に成立させる技法の説明
- 比較例：他のスポーツメディアとの差別化ポイント

---

**MOD-03 | 対比スライド型 | シティ vs アーセナル：クラブDNA比較**

| 項目 | マンチェスター・シティ | アーセナル |
|------|----------------------|------------|
| 哲学 | 資本×戦術の完成形 | 育成×情熱の再興 |
| 監督 | ペップ（支配者） | アルテタ（継承者） |
| 弱点 | "完璧すぎる"という孤独 | 勝ち切れない呪い |
| 漫画的キャラ | 冷徹な皇帝 | 熱血な王子 |

- スクワイアーズがそれぞれをどう描いているかを視覚的に補足

---

**MOD-04 | 深掘り解説型 | ペップ vs アルテタ：師弟関係の逆転劇**

- アルテタがシティでペップの下で学んだ日々
- 「教えたことを全部知っている相手」と戦う異様さ
- 漫画内での師弟描写のコミカルさと皮肉
- 戦術的には何が違うのか（プレス強度・ポジショナルプレーの解釈差）
- 「愛弟子に負けることの意味」をペップ視点で考察

---

**MOD-05 | 社会風刺型 | スクワイアーズが本当に言いたいこと**

- 現代フットボールへの批判：資本主義化・エンタメ化
- シティのオーナーシップ問題（FFP・国家資本）への暗喩
- アーセナルファンの"永遠の希望と失望サイクル"への共感と笑い
- 「漫画は鏡である」——スポーツメディアが見て見ぬふりをするものを描く

---

**MOD-06 | 感情訴求型 | なぜこの一戦は"叙事詩"なのか**

- Epic clash of the titansという言葉の重み
- 単なる順位争いを超えた「時代の象徴」としての対戦
- シティ=現代の覇権、アーセナル=歴史の重力、という構図
- ファンにとっての意味：「自分のクラブが時代に存在している」という感覚
- スクワイアーズの漫画が試合後に"答え合わせ"になる理由

---

**MOD-07 | まとめ＋CTA型 | この動画が伝えたかったこと**

- 要点3行まとめ
  - ① スクワイアーズの漫画はフットボールの「本音」を描く
  - ② シティvsアーセナルは戦術以上の哲学・資本・感情の戦い
  - ③ 笑いの中にこそ、現代フットボールへの最も鋭い批評がある
- 次回予告：「アルテタの戦術をもっと深く掘る動画」
- チャンネル登録・コメント誘導：「あなたはどっちを応援してる？理由も書いてね」

---


--- 2026-04-22T01:09:30.201Z ---
# YouTube構成案

---

## [TOPIC] 概要

**マンチェスター・シティ vs アーセナル — 時代を画する頂上決戦**

プレミアリーグの覇権を巡り、ペップ・グアルディオラ率いるシティとミケル・アルテタ率いるアーセナルが激突。David Squiresの風刺漫画を軸に、この「巨人同士の衝突」をユーモアと洞察で解剖する。単なる試合解説ではなく、**監督の哲学・選手の個性・クラブの文化的対立**をギャグとシリアスの狙い打ちで描く。

---

## [ANGLE] 見どころ

| # | 見どころ | 核心 |
|---|---------|------|
| 1 | 風刺漫画が暴く「両監督の本音」 | グアルディオラの完璧主義 vs アルテタの理想主義 |
| 2 | 「師弟対決」というドラマ構造 | アルテタはかつてペップの愛弟子だった事実 |
| 3 | タイトル争いの心理戦 | プレッシャーをかけ合う両クラブの駆け引き |
| 4 | Squiresのギャグが刺さる理由 | 笑いの裏にある鋭いフットボール批評 |
| 5 | 「エピック」と呼ばれるほどの何か | なぜこの一戦が単なる消化試合でないか |

---

## [MOD] スライド構成

---

### MOD-01 | フック型 | **冒頭0〜30秒：視聴者を引き込む**

> 「師匠と弟子が、タイトルをかけて殺し合う。これはフットボールか、それとも神話か。」

- 試合のハイライト映像イメージ（静止画・漫画コマ）をカット割りで見せる
- David Squiresの漫画の「最も笑えるコマ」を冒頭に1枚だけ先出し
- **「この漫画の意味、最後まで見れば全部わかります」** と視聴継続を促す

---

### MOD-02 | 解説型 | **David Squiresとは何者か（1〜2分）**

- Guardianの看板風刺漫画家
- フットボールの「空気」を絵で切り取る独自スタイル
- 過去の名作コマをいくつか紹介し、**「笑いの文法」**を視聴者に習得させる
- ポイント：*ギャグを理解するには文脈が必要* → 本動画の存在意義を確立

---

### MOD-03 | 対比型 | **グアルディオラ vs アルテタ：哲学の地図（2〜4分）**

**左：グアルディオラ**
- ポジショナルプレーの原典
- 「完璧」を要求する強迫的なまでの戦術眼
- シティ = 機械、システム、無慈悲な効率

**右：アルテタ**
- 師の哲学を継承しつつ「感情」を注入
- アーセナル = 若さ、情熱、危うさと美しさの共存
- 「ペップの写し鏡か、それとも超克者か」

> Squiresの漫画でこの対比がどう描かれているかを逐一解説

---

### MOD-04 | ドラマ型 | **師弟関係というナラティブ（4〜6分）**

- アルテタがシティのアシスタントコーチだった時代
- ペップが彼に何を教え、何を与えたか
- **「教えすぎた師」対「学びすぎた弟子」** という構図
- 漫画コマとの対応：Squiresがこの関係性をどうギャグ化しているか
- 感情的クライマックス：「アルテタがペップを倒す日」の意味

---

### MOD-05 | 分析型 | **タイトル争いの心理戦（6〜8分）**

- プレミアリーグ終盤の勝ち点差・消化試合数
- 「シティは経験値、アーセナルは勢い」という定説への反論
- プレッシャーのかかり方の非対称性
  - シティ：負けたら「また崩壊」のレッテル
  - アーセナル：負けても「まだ若い」の免罪符
- Squiresの漫画がこの非対称を**どう風刺しているか**を深掘り

---

### MOD-06 | ギャグ解体型 | **漫画を1コマずつ読む（8〜11分）**

> メインコンテンツ。最も情報密度が高いパート。

各コマについて：
1. **表層**：何が描かれているか（視覚情報）
2. **中層**：どのフットボール的事実を参照しているか
3. **深層**：何を批判・風刺しているか

- 選手の描かれ方（誰が大きく描かれ、誰が小さいか）
- セリフの言葉選び（British humourの文脈）
- 「言わないことで言っていること」の読み解き

---

### MOD-07 | 総括型 | **「エピック」とは何だったのか（11〜13分）**

- 試合結果・内容の総括（ネタバレ注意の配慮をしつつ）
- Squiresの漫画が「正しかったか」の検証
- **「風刺は予言か、記録か」** という問いで締める
- プレミアリーグにおけるこの一戦の歴史的位置付け

---

### MOD-08 | CTA型 | **エンディング（13〜14分）**

- 「Squiresの過去作を見たい人はこちら」（関連動画）
- 「どちらが本当の意味で勝者か、コメントで議論しよう」
- チャンネル登録・高評価の促し
- **次回予告**：「次はアルテタの戦術革命を完全解剖します」

---

## 全体トーン指針

| 要素 | 方針 |
|------|------|
| 語り口 | 知的だがアクセシブル。フットボール初心者でも置いていかない |
| テンポ | MOD-06のみゆっくり。他は歯切れよく |
| 笑いの扱い | 「笑える」と「鋭い」を必ず両立させる |
| 画面構成 | 漫画コマを中心に、テキスト解説をオーバーレイ |
| BGM | 試合的緊張感のある低音ビート（解説中は抑える） |
