

--- [RAW] 2026-04-22T01:14:51.104Z ---
# YouTube構成案（CSV形式）

```csv
ID,スライド型,指示
001,フック（冒頭掴み）,「マンチェスター・シティvsアーセナル――これは単なる試合ではない。時代を画する激突だ」というナレーションで開始。David Squiresの風刺画をアニメーション風に動かしながら視聴者の興味を引く。BGMは緊張感のある低音ビート。
002,タイトルカード,チャンネル名・動画タイトルをテキストアニメーションで表示。「David Squires on … Manchester City, Arsenal and an epic clash of the titans」をドラマチックなフォントで表示。
003,自己紹介・文脈説明,「David SquiresはTheGuardianを代表するサッカー風刺漫画家。彼の視点を通してこの一戦を読み解く」と解説。Squiresのプロフィールと代表作をスライドで紹介。
004,背景解説（チームA：マンチェスター・シティ），「ペップ・グアルディオラ率いるシティの哲学・戦術・今季の状況」を3〜5箇条書きで整理。Squiresの風刺画コマを引用しながらビジュアルで補足。
005,背景解説（チームB：アーセナル）,「ミケル・アルテタのアーセナル復権の物語・キーマン・弱点」を3〜5箇条書きで整理。同様にSquiresの風刺画コマを引用しながら解説。
006,風刺画ディープダイブ①,Squiresの漫画の第1コマ〜第3コマを拡大表示。「このシーンが意味するもの」「イギリスのサッカー文化的文脈」「ユーモアの構造」を解説。日本語字幕で補足。
007,風刺画ディープダイブ②,漫画の第4コマ〜第6コマを同様に解説。特に風刺のターゲット（監督・選手・メディア・オーナー等）を明確に言語化する。
008,風刺画ディープダイブ③,クライマックスとなるコマを解説。「Squiresが最も伝えたかったメッセージ」を視聴者と一緒に考えるトーンで進行。
009,データ・スタッツコーナー,「数字で見るシティvsアーセナル」。直近5シーズンの対戦成績・得点者・勝率をインフォグラフィック風スライドで表示。風刺画の内容と照合して解説。
010,専門家・ファン視点,「英国メディア・Twitterの反応」「日本人サッカーファンの視点」を引用コメント形式で紹介。Squiresの漫画への反応も含める。
011,「titans」とは何か（テーマ深掘り）,タイトルの「clash of the titans」というフレーズの意味を掘り下げる。サッカー史的文脈・神話的メタファー・プレミアリーグの覇権争いという三層構造で解説。
012,今後の展望・予想,「この試合・このライバル関係が今後のプレミアリーグにどう影響するか」を3つのシナリオで提示。視聴者に「あなたはどう思う？」と問いかけCTAへ繋げる。
013,まとめ・結論,「Squiresの風刺画が映し出した真実」を3行で要約。「サッカーはピッチの外でも語られる文化だ」というメッセージで締める。
014,エンディング・CTA,「チャンネル登録・高評価・コメント」を呼びかけ。「次回はこのテーマを扱います」と次回予告テキストを表示。TheGuardian原文リンクを概要欄に誘導するテキストを表示。
```

---

## 補足メモ

| 項目 | 詳細 |
|------|------|
| **想定尺** | 12〜18分 |
| **ターゲット** | サッカーファン／海外サッカー好き／風刺・文化コンテンツ好き |
| **トーン** | 知的エンタメ・ユーモアあり・解説系 |
| **差別化ポイント** | 風刺画の「読み解き」という切り口でニュース解説と差別化 |
